  Controller.cpp
c:\oop\tetris\tetris\controller.cpp(14): warning C4244: 'argument': conversion from 'const double' to 'unsigned int', possible loss of data
c:\oop\tetris\tetris\controller.cpp(129): warning C4244: 'argument': conversion from 'unsigned int' to 'float', possible loss of data
c:\oop\tetris\tetris\controller.cpp(129): warning C4244: 'argument': conversion from 'double' to 'float', possible loss of data
c:\oop\tetris\tetris\controller.cpp(131): warning C4244: 'argument': conversion from 'double' to 'unsigned int', possible loss of data
c:\oop\tetris\tetris\controller.cpp(136): warning C4244: 'argument': conversion from 'unsigned int' to 'float', possible loss of data
c:\oop\tetris\tetris\controller.cpp(136): warning C4244: 'argument': conversion from 'double' to 'float', possible loss of data
c:\oop\tetris\tetris\controller.cpp(138): warning C4244: 'argument': conversion from 'double' to 'unsigned int', possible loss of data
c:\oop\tetris\tetris\controller.cpp(143): warning C4244: 'argument': conversion from 'unsigned int' to 'float', possible loss of data
c:\oop\tetris\tetris\controller.cpp(143): warning C4244: 'argument': conversion from 'double' to 'float', possible loss of data
c:\oop\tetris\tetris\controller.cpp(145): warning C4244: 'argument': conversion from 'double' to 'unsigned int', possible loss of data
c:\oop\tetris\tetris\controller.cpp(127): warning C4996: 'sf::Text::setColor': was declared deprecated
  c:\users\orella\vcpkg\vcpkg-master\vcpkg-master\installed\x64-windows\include\sfml\graphics\text.hpp(177): note: see declaration of 'sf::Text::setColor'
c:\oop\tetris\tetris\controller.cpp(134): warning C4996: 'sf::Text::setColor': was declared deprecated
  c:\users\orella\vcpkg\vcpkg-master\vcpkg-master\installed\x64-windows\include\sfml\graphics\text.hpp(177): note: see declaration of 'sf::Text::setColor'
c:\oop\tetris\tetris\controller.cpp(141): warning C4996: 'sf::Text::setColor': was declared deprecated
  c:\users\orella\vcpkg\vcpkg-master\vcpkg-master\installed\x64-windows\include\sfml\graphics\text.hpp(177): note: see declaration of 'sf::Text::setColor'
c:\oop\tetris\tetris\controller.cpp(158): warning C4244: 'argument': conversion from 'double' to 'unsigned int', possible loss of data
c:\oop\tetris\tetris\controller.cpp(166): warning C4244: 'argument': conversion from 'unsigned int' to 'float', possible loss of data
c:\oop\tetris\tetris\controller.cpp(157): warning C4996: 'sf::Text::setColor': was declared deprecated
  c:\users\orella\vcpkg\vcpkg-master\vcpkg-master\installed\x64-windows\include\sfml\graphics\text.hpp(177): note: see declaration of 'sf::Text::setColor'
c:\oop\tetris\tetris\controller.cpp(191): warning C4244: 'argument': conversion from 'double' to 'unsigned int', possible loss of data
c:\oop\tetris\tetris\controller.cpp(200): warning C4244: 'argument': conversion from 'unsigned int' to 'float', possible loss of data
c:\oop\tetris\tetris\controller.cpp(199): warning C4244: 'argument': conversion from 'unsigned int' to 'float', possible loss of data
c:\oop\tetris\tetris\controller.cpp(190): warning C4996: 'sf::Text::setColor': was declared deprecated
  c:\users\orella\vcpkg\vcpkg-master\vcpkg-master\installed\x64-windows\include\sfml\graphics\text.hpp(177): note: see declaration of 'sf::Text::setColor'
  tetris.vcxproj -> C:\OOP\Tetris\x64\Debug\tetris.exe
